[1.387s] DEBUG:colcon:Command line arguments: ['/usr/bin/colcon', 'build']
[1.387s] DEBUG:colcon:Parsed command line arguments: Namespace(log_base=None, log_level=None, verb_name='build', build_base='build', install_base='install', merge_install=False, symlink_install=False, test_result_base=None, continue_on_error=False, executor='parallel', parallel_workers=4, event_handlers=None, ignore_user_meta=False, metas=['./colcon.meta'], base_paths=['.'], packages_ignore=None, packages_ignore_regex=None, paths=None, packages_up_to=None, packages_up_to_regex=None, packages_above=None, packages_above_and_dependencies=None, packages_above_depth=None, packages_select_by_dep=None, packages_skip_by_dep=None, packages_skip_up_to=None, packages_select_build_failed=False, packages_skip_build_finished=False, packages_select_test_failures=False, packages_skip_test_passed=False, packages_select=None, packages_skip=None, packages_select_regex=None, packages_skip_regex=None, packages_start=None, packages_end=None, cmake_args=None, cmake_target=None, cmake_target_skip_unavailable=False, cmake_clean_cache=False, cmake_clean_first=False, cmake_force_configure=False, ament_cmake_args=None, catkin_cmake_args=None, catkin_skip_building_tests=False, mixin_files=None, mixin=None, verb_parser=<colcon_mixin.mixin.mixin_argument.MixinArgumentDecorator object at 0x7fa9931660>, verb_extension=<colcon_core.verb.build.BuildVerb object at 0x7faa382ad0>, main=<bound method BuildVerb.main of <colcon_core.verb.build.BuildVerb object at 0x7faa382ad0>>, mixin_verb=('build',))
[1.546s] Level 1:colcon.colcon_core.package_discovery:discover_packages(colcon_meta) check parameters
[1.553s] INFO:colcon.colcon_metadata.package_discovery.colcon_meta:Using configuration from '/root/.colcon/metadata/default/Gazebo.meta'
[1.556s] INFO:colcon.colcon_metadata.package_discovery.colcon_meta:Using configuration from '/root/.colcon/metadata/default/fastrtps.meta'
[1.556s] Level 1:colcon.colcon_core.package_discovery:discover_packages(recursive) check parameters
[1.556s] Level 1:colcon.colcon_core.package_discovery:discover_packages(ignore) check parameters
[1.556s] Level 1:colcon.colcon_core.package_discovery:discover_packages(path) check parameters
[1.556s] Level 1:colcon.colcon_core.package_discovery:discover_packages(colcon_meta) discover
[1.557s] Level 1:colcon.colcon_core.package_discovery:discover_packages(recursive) discover
[1.557s] INFO:colcon.colcon_core.package_discovery:Crawling recursively for packages in '/digitaltwin_ws'
[1.557s] Level 1:colcon.colcon_core.package_identification:_identify(.) by extensions ['ignore', 'ignore_ament_install']
[1.557s] Level 1:colcon.colcon_core.package_identification:_identify(.) by extension 'ignore'
[1.558s] Level 1:colcon.colcon_core.package_identification:_identify(.) by extension 'ignore_ament_install'
[1.558s] Level 1:colcon.colcon_core.package_identification:_identify(.) by extensions ['colcon_pkg']
[1.558s] Level 1:colcon.colcon_core.package_identification:_identify(.) by extension 'colcon_pkg'
[1.558s] Level 1:colcon.colcon_core.package_identification:_identify(.) by extensions ['colcon_meta']
[1.558s] Level 1:colcon.colcon_core.package_identification:_identify(.) by extension 'colcon_meta'
[1.559s] Level 1:colcon.colcon_core.package_identification:_identify(.) by extensions ['ros']
[1.559s] Level 1:colcon.colcon_core.package_identification:_identify(.) by extension 'ros'
[1.631s] Level 1:colcon.colcon_core.package_identification:_identify(.) by extensions ['cmake', 'python']
[1.632s] Level 1:colcon.colcon_core.package_identification:_identify(.) by extension 'cmake'
[1.632s] Level 1:colcon.colcon_core.package_identification:_identify(.) by extension 'python'
[1.632s] Level 1:colcon.colcon_core.package_identification:_identify(.) by extensions ['python_setup_py']
[1.632s] Level 1:colcon.colcon_core.package_identification:_identify(.) by extension 'python_setup_py'
[1.633s] Level 1:colcon.colcon_core.package_identification:_identify(build) by extensions ['ignore', 'ignore_ament_install']
[1.633s] Level 1:colcon.colcon_core.package_identification:_identify(build) by extension 'ignore'
[1.633s] Level 1:colcon.colcon_core.package_identification:_identify(build) ignored
[1.634s] Level 1:colcon.colcon_core.package_identification:_identify(install) by extensions ['ignore', 'ignore_ament_install']
[1.634s] Level 1:colcon.colcon_core.package_identification:_identify(install) by extension 'ignore'
[1.634s] Level 1:colcon.colcon_core.package_identification:_identify(install) ignored
[1.634s] Level 1:colcon.colcon_core.package_identification:_identify(log) by extensions ['ignore', 'ignore_ament_install']
[1.635s] Level 1:colcon.colcon_core.package_identification:_identify(log) by extension 'ignore'
[1.635s] Level 1:colcon.colcon_core.package_identification:_identify(log) ignored
[1.635s] Level 1:colcon.colcon_core.package_identification:_identify(src) by extensions ['ignore', 'ignore_ament_install']
[1.635s] Level 1:colcon.colcon_core.package_identification:_identify(src) by extension 'ignore'
[1.636s] Level 1:colcon.colcon_core.package_identification:_identify(src) by extension 'ignore_ament_install'
[1.636s] Level 1:colcon.colcon_core.package_identification:_identify(src) by extensions ['colcon_pkg']
[1.636s] Level 1:colcon.colcon_core.package_identification:_identify(src) by extension 'colcon_pkg'
[1.636s] Level 1:colcon.colcon_core.package_identification:_identify(src) by extensions ['colcon_meta']
[1.636s] Level 1:colcon.colcon_core.package_identification:_identify(src) by extension 'colcon_meta'
[1.636s] Level 1:colcon.colcon_core.package_identification:_identify(src) by extensions ['ros']
[1.637s] Level 1:colcon.colcon_core.package_identification:_identify(src) by extension 'ros'
[1.637s] Level 1:colcon.colcon_core.package_identification:_identify(src) by extensions ['cmake', 'python']
[1.637s] Level 1:colcon.colcon_core.package_identification:_identify(src) by extension 'cmake'
[1.637s] Level 1:colcon.colcon_core.package_identification:_identify(src) by extension 'python'
[1.637s] Level 1:colcon.colcon_core.package_identification:_identify(src) by extensions ['python_setup_py']
[1.637s] Level 1:colcon.colcon_core.package_identification:_identify(src) by extension 'python_setup_py'
[1.638s] Level 1:colcon.colcon_core.package_identification:_identify(src/PubSubTest) by extensions ['ignore', 'ignore_ament_install']
[1.638s] Level 1:colcon.colcon_core.package_identification:_identify(src/PubSubTest) by extension 'ignore'
[1.638s] Level 1:colcon.colcon_core.package_identification:_identify(src/PubSubTest) by extension 'ignore_ament_install'
[1.639s] Level 1:colcon.colcon_core.package_identification:_identify(src/PubSubTest) by extensions ['colcon_pkg']
[1.639s] Level 1:colcon.colcon_core.package_identification:_identify(src/PubSubTest) by extension 'colcon_pkg'
[1.639s] Level 1:colcon.colcon_core.package_identification:_identify(src/PubSubTest) by extensions ['colcon_meta']
[1.639s] Level 1:colcon.colcon_core.package_identification:_identify(src/PubSubTest) by extension 'colcon_meta'
[1.639s] Level 1:colcon.colcon_core.package_identification:_identify(src/PubSubTest) by extensions ['ros']
[1.639s] Level 1:colcon.colcon_core.package_identification:_identify(src/PubSubTest) by extension 'ros'
[1.652s] DEBUG:colcon.colcon_core.package_identification:Package 'src/PubSubTest' with type 'ros.ament_python' and name 'PubSubTest'
[1.653s] Level 1:colcon.colcon_core.package_discovery:discover_packages(recursive) using defaults
[1.653s] Level 1:colcon.colcon_core.package_discovery:discover_packages(ignore) discover
[1.653s] Level 1:colcon.colcon_core.package_discovery:discover_packages(ignore) using defaults
[1.653s] Level 1:colcon.colcon_core.package_discovery:discover_packages(path) discover
[1.653s] Level 1:colcon.colcon_core.package_discovery:discover_packages(path) using defaults
[1.769s] Level 5:colcon.colcon_core.verb:set package 'PubSubTest' build argument 'cmake_args' from command line to 'None'
[1.769s] Level 5:colcon.colcon_core.verb:set package 'PubSubTest' build argument 'cmake_target' from command line to 'None'
[1.769s] Level 5:colcon.colcon_core.verb:set package 'PubSubTest' build argument 'cmake_target_skip_unavailable' from command line to 'False'
[1.769s] Level 5:colcon.colcon_core.verb:set package 'PubSubTest' build argument 'cmake_clean_cache' from command line to 'False'
[1.769s] Level 5:colcon.colcon_core.verb:set package 'PubSubTest' build argument 'cmake_clean_first' from command line to 'False'
[1.769s] Level 5:colcon.colcon_core.verb:set package 'PubSubTest' build argument 'cmake_force_configure' from command line to 'False'
[1.769s] Level 5:colcon.colcon_core.verb:set package 'PubSubTest' build argument 'ament_cmake_args' from command line to 'None'
[1.770s] Level 5:colcon.colcon_core.verb:set package 'PubSubTest' build argument 'catkin_cmake_args' from command line to 'None'
[1.770s] Level 5:colcon.colcon_core.verb:set package 'PubSubTest' build argument 'catkin_skip_building_tests' from command line to 'False'
[1.770s] DEBUG:colcon.colcon_core.verb:Building package 'PubSubTest' with the following arguments: {'ament_cmake_args': None, 'build_base': '/digitaltwin_ws/build/PubSubTest', 'catkin_cmake_args': None, 'catkin_skip_building_tests': False, 'cmake_args': None, 'cmake_clean_cache': False, 'cmake_clean_first': False, 'cmake_force_configure': False, 'cmake_target': None, 'cmake_target_skip_unavailable': False, 'install_base': '/digitaltwin_ws/install/PubSubTest', 'merge_install': False, 'path': '/digitaltwin_ws/src/PubSubTest', 'symlink_install': False, 'test_result_base': None}
[1.772s] INFO:colcon.colcon_core.executor:Executing jobs using 'parallel' executor
[1.784s] DEBUG:colcon.colcon_parallel_executor.executor.parallel:run_until_complete
[1.785s] INFO:colcon.colcon_ros.task.ament_python.build:Building ROS package in '/digitaltwin_ws/src/PubSubTest' with build type 'ament_python'
[1.785s] Level 1:colcon.colcon_core.shell:create_environment_hook('PubSubTest', 'ament_prefix_path')
[1.815s] INFO:colcon.colcon_core.plugin_system:Skipping extension 'colcon_core.shell.bat': Not used on non-Windows systems
[1.816s] INFO:colcon.colcon_core.shell:Creating environment hook '/digitaltwin_ws/install/PubSubTest/share/PubSubTest/hook/ament_prefix_path.ps1'
[1.820s] INFO:colcon.colcon_core.shell:Creating environment descriptor '/digitaltwin_ws/install/PubSubTest/share/PubSubTest/hook/ament_prefix_path.dsv'
[1.822s] INFO:colcon.colcon_core.shell:Creating environment hook '/digitaltwin_ws/install/PubSubTest/share/PubSubTest/hook/ament_prefix_path.sh'
[1.829s] INFO:colcon.colcon_core.shell:Skip shell extension 'powershell' for command environment: Not usable outside of PowerShell
[1.829s] DEBUG:colcon.colcon_core.shell:Skip shell extension 'dsv' for command environment
[2.607s] INFO:colcon.colcon_core.task.python.build:Building Python package in '/digitaltwin_ws/src/PubSubTest'
[2.611s] INFO:colcon.colcon_core.shell:Skip shell extension 'powershell' for command environment: Not usable outside of PowerShell
[2.612s] DEBUG:colcon.colcon_core.shell:Skip shell extension 'dsv' for command environment
[3.721s] DEBUG:colcon.colcon_core.event_handler.log_command:Invoking command in '/digitaltwin_ws/src/PubSubTest': PYTHONPATH=/digitaltwin_ws/build/PubSubTest/prefix_override:/digitaltwin_ws/install/PubSubTest/lib/python3.10/site-packages:${PYTHONPATH} /usr/bin/python3 setup.py egg_info --egg-base ../../build/PubSubTest build --build-base /digitaltwin_ws/build/PubSubTest/build install --record /digitaltwin_ws/build/PubSubTest/install.log --single-version-externally-managed
[4.596s] DEBUG:colcon.colcon_core.event_handler.log_command:Invoked command in '/digitaltwin_ws/src/PubSubTest' returned '0': PYTHONPATH=/digitaltwin_ws/build/PubSubTest/prefix_override:/digitaltwin_ws/install/PubSubTest/lib/python3.10/site-packages:${PYTHONPATH} /usr/bin/python3 setup.py egg_info --egg-base ../../build/PubSubTest build --build-base /digitaltwin_ws/build/PubSubTest/build install --record /digitaltwin_ws/build/PubSubTest/install.log --single-version-externally-managed
[4.626s] Level 1:colcon.colcon_core.environment:checking '/digitaltwin_ws/install/PubSubTest' for CMake module files
[4.628s] Level 1:colcon.colcon_core.environment:checking '/digitaltwin_ws/install/PubSubTest' for CMake config files
[4.630s] Level 1:colcon.colcon_core.environment:checking '/digitaltwin_ws/install/PubSubTest/lib'
[4.631s] Level 1:colcon.colcon_core.environment:checking '/digitaltwin_ws/install/PubSubTest/bin'
[4.631s] Level 1:colcon.colcon_core.environment:checking '/digitaltwin_ws/install/PubSubTest/lib/pkgconfig/PubSubTest.pc'
[4.632s] Level 1:colcon.colcon_core.environment:checking '/digitaltwin_ws/install/PubSubTest/lib/python3.10/site-packages'
[4.632s] Level 1:colcon.colcon_core.shell:create_environment_hook('PubSubTest', 'pythonpath')
[4.637s] INFO:colcon.colcon_core.shell:Creating environment hook '/digitaltwin_ws/install/PubSubTest/share/PubSubTest/hook/pythonpath.ps1'
[4.639s] INFO:colcon.colcon_core.shell:Creating environment descriptor '/digitaltwin_ws/install/PubSubTest/share/PubSubTest/hook/pythonpath.dsv'
[4.640s] INFO:colcon.colcon_core.shell:Creating environment hook '/digitaltwin_ws/install/PubSubTest/share/PubSubTest/hook/pythonpath.sh'
[4.642s] Level 1:colcon.colcon_core.environment:checking '/digitaltwin_ws/install/PubSubTest/bin'
[4.642s] Level 1:colcon.colcon_core.environment:create_environment_scripts_only(PubSubTest)
[4.647s] INFO:colcon.colcon_core.shell:Creating package script '/digitaltwin_ws/install/PubSubTest/share/PubSubTest/package.ps1'
[4.652s] INFO:colcon.colcon_core.shell:Creating package descriptor '/digitaltwin_ws/install/PubSubTest/share/PubSubTest/package.dsv'
[4.655s] INFO:colcon.colcon_core.shell:Creating package script '/digitaltwin_ws/install/PubSubTest/share/PubSubTest/package.sh'
[4.659s] INFO:colcon.colcon_core.shell:Creating package script '/digitaltwin_ws/install/PubSubTest/share/PubSubTest/package.bash'
[4.663s] INFO:colcon.colcon_core.shell:Creating package script '/digitaltwin_ws/install/PubSubTest/share/PubSubTest/package.zsh'
[4.667s] Level 1:colcon.colcon_core.environment:create_file_with_runtime_dependencies(/digitaltwin_ws/install/PubSubTest/share/colcon-core/packages/PubSubTest)
[4.668s] DEBUG:colcon.colcon_parallel_executor.executor.parallel:closing loop
[4.669s] DEBUG:colcon.colcon_parallel_executor.executor.parallel:loop closed
[4.669s] DEBUG:colcon.colcon_parallel_executor.executor.parallel:run_until_complete finished with '0'
[4.670s] DEBUG:colcon.colcon_core.event_reactor:joining thread
[4.710s] INFO:colcon.colcon_core.plugin_system:Skipping extension 'colcon_notification.desktop_notification.notify_send': Could not find 'notify-send'
[4.710s] INFO:colcon.colcon_core.plugin_system:Skipping extension 'colcon_notification.desktop_notification.terminal_notifier': Not used on non-Darwin systems
[4.711s] INFO:colcon.colcon_core.plugin_system:Skipping extension 'colcon_notification.desktop_notification.win32': Not used on non-Windows systems
[4.711s] INFO:colcon.colcon_notification.desktop_notification:Sending desktop notification using 'notify2'
[4.717s] DEBUG:colcon.colcon_notification.desktop_notification.notify2:Failed to initialize notify2: org.freedesktop.DBus.Error.Spawn.ExecFailed: /usr/bin/dbus-launch terminated abnormally without any error message
[4.718s] DEBUG:colcon.colcon_core.event_reactor:joined thread
[4.725s] INFO:colcon.colcon_core.shell:Creating prefix script '/digitaltwin_ws/install/local_setup.ps1'
[4.731s] INFO:colcon.colcon_core.shell:Creating prefix util module '/digitaltwin_ws/install/_local_setup_util_ps1.py'
[4.737s] INFO:colcon.colcon_core.shell:Creating prefix chain script '/digitaltwin_ws/install/setup.ps1'
[4.742s] INFO:colcon.colcon_core.shell:Creating prefix script '/digitaltwin_ws/install/local_setup.sh'
[4.745s] INFO:colcon.colcon_core.shell:Creating prefix util module '/digitaltwin_ws/install/_local_setup_util_sh.py'
[4.747s] INFO:colcon.colcon_core.shell:Creating prefix chain script '/digitaltwin_ws/install/setup.sh'
[4.762s] INFO:colcon.colcon_core.shell:Creating prefix script '/digitaltwin_ws/install/local_setup.bash'
[4.765s] INFO:colcon.colcon_core.shell:Creating prefix chain script '/digitaltwin_ws/install/setup.bash'
[4.770s] INFO:colcon.colcon_core.shell:Creating prefix script '/digitaltwin_ws/install/local_setup.zsh'
[4.772s] INFO:colcon.colcon_core.shell:Creating prefix chain script '/digitaltwin_ws/install/setup.zsh'
